<?xml version="1.0" encoding="UTF-8"?>
<!-- Generated by org.testng.reporters.JUnitReportReporter -->
<testsuite hostname="TABLET-71SJTJMB" failures="0" tests="6" name="gurudemo.testcases.GuruDemo_HomePageTest" time="14.739" errors="0" timestamp="2023-05-22T21:24:11 PDT" skipped="0">
  <testcase classname="gurudemo.testcases.GuruDemo_HomePageTest" name="varify" time="0.026"/>
  <system-out/>
  <testcase classname="gurudemo.testcases.GuruDemo_HomePageTest" name="userPassWordTest" time="1.081"/>
  <system-out/>
  <testcase classname="gurudemo.testcases.GuruDemo_HomePageTest" name="userPassWordTest" time="1.052"/>
  <system-out/>
  <testcase classname="gurudemo.testcases.GuruDemo_HomePageTest" name="userPassWordTest" time="10.569"/>
  <system-out/>
  <testcase classname="gurudemo.testcases.GuruDemo_HomePageTest" name="userPassWordTest" time="1.080"/>
  <system-out/>
  <testcase classname="gurudemo.testcases.GuruDemo_HomePageTest" name="userPassWordTest" time="0.931"/>
  <system-out/>
</testsuite> <!-- gurudemo.testcases.GuruDemo_HomePageTest -->
