<?xml version="1.0" encoding="UTF-8"?>
<!-- Generated by org.testng.reporters.JUnitReportReporter -->
<testsuite hostname="TABLET-71SJTJMB" failures="0" tests="1" name="gurudemo.testcases.GuruDemo_SupportPageTest" time="0.579" errors="0" timestamp="2023-05-22T12:47:56 PDT" skipped="0">
  <testcase classname="gurudemo.testcases.GuruDemo_SupportPageTest" name="SupportTest" time="0.579"/>
  <system-out/>
</testsuite> <!-- gurudemo.testcases.GuruDemo_SupportPageTest -->
