<?xml version="1.0" encoding="UTF-8"?>
<!-- Generated by org.testng.reporters.JUnitReportReporter -->
<testsuite hostname="TABLET-71SJTJMB" failures="0" tests="8" name="gurudemo.testcases.GuruDemo_SignInPageTest" time="1.000" errors="0" timestamp="2023-05-22T12:47:29 PDT" skipped="0">
  <testcase classname="gurudemo.testcases.GuruDemo_SignInPageTest" name="userPassWordTest" time="0.004"/>
  <system-out/>
  <testcase classname="gurudemo.testcases.GuruDemo_SignInPageTest" name="SinginTest" time="0.465"/>
  <system-out/>
  <testcase classname="gurudemo.testcases.GuruDemo_SignInPageTest" name="check_SignInStatus" time="0.072"/>
  <system-out/>
  <testcase classname="gurudemo.testcases.GuruDemo_SignInPageTest" name="userPassWordTest" time="0.010"/>
  <system-out/>
  <testcase classname="gurudemo.testcases.GuruDemo_SignInPageTest" name="userPassWordTest" time="0.004"/>
  <system-out/>
  <testcase classname="gurudemo.testcases.GuruDemo_SignInPageTest" name="userPassWordTest" time="0.005"/>
  <system-out/>
  <testcase classname="gurudemo.testcases.GuruDemo_SignInPageTest" name="userPassWordTest" time="0.005"/>
  <system-out/>
  <testcase classname="gurudemo.testcases.GuruDemo_SignInPageTest" name="userPassWordTest" time="0.435"/>
  <system-out/>
</testsuite> <!-- gurudemo.testcases.GuruDemo_SignInPageTest -->
