<?xml version="1.0" encoding="UTF-8"?>
<!-- Generated by org.testng.reporters.JUnitReportReporter -->
<testsuite hostname="TABLET-71SJTJMB" failures="0" tests="3" name="gurudemo.testcases.GuruDemo_FlightsPageTest" time="1.817" errors="0" timestamp="2023-05-22T12:49:06 PDT" skipped="0">
  <testcase classname="gurudemo.testcases.GuruDemo_FlightsPageTest" name="FlightTest" time="0.295"/>
  <system-out/>
  <testcase classname="gurudemo.testcases.GuruDemo_FlightsPageTest" name="check_flightStatus" time="0.129"/>
  <system-out/>
  <testcase classname="gurudemo.testcases.GuruDemo_FlightsPageTest" name="flights" time="1.393"/>
  <system-out/>
</testsuite> <!-- gurudemo.testcases.GuruDemo_FlightsPageTest -->
