<?xml version="1.0" encoding="UTF-8"?>
<!-- Generated by org.testng.reporters.JUnitReportReporter -->
<testsuite hostname="TABLET-71SJTJMB" failures="0" tests="8" name="gurudemo.testcases.GuruDemo_RegisterPageTest$GuruDemo_HomePageTest" time="32.195" errors="0" timestamp="2023-05-22T12:48:40 PDT" skipped="0">
  <testcase classname="gurudemo.testcases.GuruDemo_RegisterPageTest$GuruDemo_HomePageTest" name="userPassWordTest" time="5.774"/>
  <system-out/>
  <testcase classname="gurudemo.testcases.GuruDemo_RegisterPageTest$GuruDemo_HomePageTest" name="userPassWordTest" time="4.106"/>
  <system-out/>
  <testcase classname="gurudemo.testcases.GuruDemo_RegisterPageTest$GuruDemo_HomePageTest" name="userPassWordTest" time="4.059"/>
  <system-out/>
  <testcase classname="gurudemo.testcases.GuruDemo_RegisterPageTest$GuruDemo_HomePageTest" name="userPassWordTest" time="4.267"/>
  <system-out/>
  <testcase classname="gurudemo.testcases.GuruDemo_RegisterPageTest$GuruDemo_HomePageTest" name="userPassWordTest" time="4.295"/>
  <system-out/>
  <testcase classname="gurudemo.testcases.GuruDemo_RegisterPageTest$GuruDemo_HomePageTest" name="userPassWordTest" time="4.472"/>
  <system-out/>
  <testcase classname="gurudemo.testcases.GuruDemo_RegisterPageTest$GuruDemo_HomePageTest" name="RegistrationTest" time="2.712"/>
  <system-out/>
  <testcase classname="gurudemo.testcases.GuruDemo_RegisterPageTest$GuruDemo_HomePageTest" name="check_RegisterationStatus" time="2.510"/>
  <system-out/>
</testsuite> <!-- gurudemo.testcases.GuruDemo_RegisterPageTest$GuruDemo_HomePageTest -->
